1740655428368:help
1740655434681:test
1740655445663:hello
1740662512986:test
1740662609072:help
1740662613410:hello
1740662707281:help
1740663932214:test
1740663954062:spring
1740742487251:test
1741001631515:add B 34.9
1741001648671:findById 1
1741002613719:clear
1741002625743:help
1741002632191:clear
1741002649912:history
1741002661218:version
1741010207630:test
1752002192079:product find &
1752002194822:help
1752002206689:hello
1752083812019:help
1752083849421:db-status
1752083905028:search query
1752084185038:la
1752084189127:l
1752084249930:hey
1752084252505:help
1752084356454:add laptop 554
1752084418525:db-info
1752084500808:hepl
1752084504868:help
1752084547184:add -n laptop -p 300
1752084730537:info
